<?xml version="1.0" encoding="UTF-8"?>
<testng-results ignored="0" total="3" passed="3" failed="0" skipped="0">
  <reporter-output>
  </reporter-output>
  <suite started-at="2026-03-08T15:50:17 IST" name="Default suite" finished-at="2026-03-08T15:51:37 IST" duration-ms="79585">
    <groups>
      <group name="cucumber">
        <method signature="AbstractTestNGCucumberTests.runScenario(io.cucumber.testng.PickleWrapper,io.cucumber.testng.FeatureWrapper)[pri:0, instance:runner.TestRunner@2002fc1d]" name="runScenario" class="io.cucumber.testng.AbstractTestNGCucumberTests"/>
      </group> <!-- cucumber -->
    </groups>
    <test started-at="2026-03-08T15:50:17 IST" name="Default test" finished-at="2026-03-08T15:51:37 IST" duration-ms="79585">
      <class name="runner.TestRunner">
        <test-method is-config="true" signature="setUpClass(org.testng.ITestContext)[pri:0, instance:runner.TestRunner@2002fc1d]" started-at="2026-03-08T15:50:17 IST" name="setUpClass" finished-at="2026-03-08T15:50:19 IST" duration-ms="1559" status="PASS">
          <params>
            <param index="0">
              <value>
                <![CDATA[org.testng.TestRunner@3ecedf21]]>
              </value>
            </param>
          </params>
          <reporter-output>
          </reporter-output>
        </test-method> <!-- setUpClass -->
        <test-method signature="runScenario(io.cucumber.testng.PickleWrapper,io.cucumber.testng.FeatureWrapper)[pri:0, instance:runner.TestRunner@2002fc1d]" started-at="2026-03-08T15:50:19 IST" name="runScenario" description="Runs Cucumber Scenarios" data-provider="scenarios" finished-at="2026-03-08T15:51:16 IST" duration-ms="56788" status="PASS">
          <params>
            <param index="0">
              <value>
                <![CDATA["Positive Login"]]>
              </value>
            </param>
            <param index="1">
              <value>
                <![CDATA["Amazon Login"]]>
              </value>
            </param>
          </params>
          <reporter-output>
          </reporter-output>
        </test-method> <!-- runScenario -->
        <test-method signature="runScenario(io.cucumber.testng.PickleWrapper,io.cucumber.testng.FeatureWrapper)[pri:0, instance:runner.TestRunner@2002fc1d]" started-at="2026-03-08T15:50:19 IST" name="runScenario" description="Runs Cucumber Scenarios" data-provider="scenarios" finished-at="2026-03-08T15:51:14 IST" duration-ms="55022" status="PASS">
          <params>
            <param index="0">
              <value>
                <![CDATA["Negative Login"]]>
              </value>
            </param>
            <param index="1">
              <value>
                <![CDATA["Amazon Login"]]>
              </value>
            </param>
          </params>
          <reporter-output>
          </reporter-output>
        </test-method> <!-- runScenario -->
        <test-method signature="runScenario(io.cucumber.testng.PickleWrapper,io.cucumber.testng.FeatureWrapper)[pri:0, instance:runner.TestRunner@2002fc1d]" started-at="2026-03-08T15:50:19 IST" name="runScenario" description="Runs Cucumber Scenarios" data-provider="scenarios" finished-at="2026-03-08T15:51:37 IST" duration-ms="77891" status="PASS">
          <params>
            <param index="0">
              <value>
                <![CDATA["Search products from Excel"]]>
              </value>
            </param>
            <param index="1">
              <value>
                <![CDATA["Amazon Product Search"]]>
              </value>
            </param>
          </params>
          <reporter-output>
          </reporter-output>
        </test-method> <!-- runScenario -->
        <test-method is-config="true" signature="tearDownClass()[pri:0, instance:runner.TestRunner@2002fc1d]" started-at="2026-03-08T15:51:37 IST" name="tearDownClass" finished-at="2026-03-08T15:51:37 IST" duration-ms="48" status="PASS">
          <reporter-output>
          </reporter-output>
        </test-method> <!-- tearDownClass -->
      </class> <!-- runner.TestRunner -->
    </test> <!-- Default test -->
  </suite> <!-- Default suite -->
</testng-results>
