<?xml version="1.0" encoding="UTF-8"?>
<!-- Generated by org.testng.reporters.JUnitReportReporter -->
<testsuite hostname="DESKTOP-GNTR2FJ" failures="0" tests="3" name="runner.TestRunner" time="162.592" errors="0" timestamp="2026-03-10T13:53:18 IST" skipped="0">
  <testcase classname="runner.TestRunner" name="runScenario" time="85.301"/>
  <testcase classname="runner.TestRunner" name="runScenario" time="37.382"/>
  <testcase classname="runner.TestRunner" name="runScenario" time="39.909"/>
</testsuite> <!-- runner.TestRunner -->
