<?xml version="1.0" encoding="UTF-8"?>
<!-- Generated by org.testng.reporters.JUnitReportReporter -->
<testsuite hostname="SANJITH-PC" failures="0" tests="3" name="runner.TestRunner" time="189.701" errors="0" timestamp="2026-03-08T15:51:37 IST" skipped="0">
  <testcase classname="runner.TestRunner" name="runScenario" time="56.788"/>
  <testcase classname="runner.TestRunner" name="runScenario" time="55.022"/>
  <testcase classname="runner.TestRunner" name="runScenario" time="77.891"/>
</testsuite> <!-- runner.TestRunner -->
